0 info it worked if it ends with ok
1 verbose cli [ '/home/anastasiya/.nvm/versions/node/v6.0.0/bin/node',
1 verbose cli   '/home/anastasiya/.nvm/versions/node/v6.0.0/bin/npm',
1 verbose cli   'run',
1 verbose cli   'build' ]
2 info using npm@3.10.8
3 info using node@v6.0.0
4 verbose run-script [ 'prebuild', 'build', 'postbuild' ]
5 info lifecycle application-name@0.0.1~prebuild: application-name@0.0.1
6 silly lifecycle application-name@0.0.1~prebuild: no script for prebuild, continuing
7 info lifecycle application-name@0.0.1~build: application-name@0.0.1
8 verbose lifecycle application-name@0.0.1~build: unsafe-perm in lifecycle true
9 verbose lifecycle application-name@0.0.1~build: PATH: /home/anastasiya/.nvm/versions/node/v6.0.0/lib/node_modules/npm/bin/node-gyp-bin:/home/anastasiya/WebstormProjects/Comics/comics-web-app/node_modules/.bin:/home/anastasiya/.nvm/versions/node/v6.0.0/bin:/usr/local/sbin:/usr/local/bin:/usr/sbin:/usr/bin:/sbin:/bin:/usr/games:/usr/local/games:/snap/bin
10 verbose lifecycle application-name@0.0.1~build: CWD: /home/anastasiya/WebstormProjects/Comics/comics-web-app
11 silly lifecycle application-name@0.0.1~build: Args: [ '-c', 'babel app.js' ]
12 silly lifecycle application-name@0.0.1~build: Returned: code: 2  signal: null
13 info lifecycle application-name@0.0.1~build: Failed to exec build script
14 verbose stack Error: application-name@0.0.1 build: `babel app.js`
14 verbose stack Exit status 2
14 verbose stack     at EventEmitter.<anonymous> (/home/anastasiya/.nvm/versions/node/v6.0.0/lib/node_modules/npm/lib/utils/lifecycle.js:255:16)
14 verbose stack     at emitTwo (events.js:106:13)
14 verbose stack     at EventEmitter.emit (events.js:191:7)
14 verbose stack     at ChildProcess.<anonymous> (/home/anastasiya/.nvm/versions/node/v6.0.0/lib/node_modules/npm/lib/utils/spawn.js:40:14)
14 verbose stack     at emitTwo (events.js:106:13)
14 verbose stack     at ChildProcess.emit (events.js:191:7)
14 verbose stack     at maybeClose (internal/child_process.js:850:16)
14 verbose stack     at Process.ChildProcess._handle.onexit (internal/child_process.js:215:5)
15 verbose pkgid application-name@0.0.1
16 verbose cwd /home/anastasiya/WebstormProjects/Comics/comics-web-app
17 error Linux 4.4.0-45-generic
18 error argv "/home/anastasiya/.nvm/versions/node/v6.0.0/bin/node" "/home/anastasiya/.nvm/versions/node/v6.0.0/bin/npm" "run" "build"
19 error node v6.0.0
20 error npm  v3.10.8
21 error code ELIFECYCLE
22 error application-name@0.0.1 build: `babel app.js`
22 error Exit status 2
23 error Failed at the application-name@0.0.1 build script 'babel app.js'.
23 error Make sure you have the latest version of node.js and npm installed.
23 error If you do, this is most likely a problem with the application-name package,
23 error not with npm itself.
23 error Tell the author that this fails on your system:
23 error     babel app.js
23 error You can get information on how to open an issue for this project with:
23 error     npm bugs application-name
23 error Or if that isn't available, you can get their info via:
23 error     npm owner ls application-name
23 error There is likely additional logging output above.
24 verbose exit [ 1, true ]
